[18-Nov-2024 11:11:00 UTC] Duplicate found for email: olazy@g.com or username: olamide1213
[18-Nov-2024 11:11:00 UTC] Duplicate found for email: olazy@g.com or username: olamide1213
[18-Nov-2024 11:11:00 UTC] Request Method: POST, Path: /index/register
[18-Nov-2024 11:12:40 UTC] No duplicate found for email: olazy@gg.com or username: olamide12135
[18-Nov-2024 11:12:40 UTC] Attempting to save user: olamide12135
[18-Nov-2024 11:12:40 UTC] Save result: Success
[18-Nov-2024 11:12:40 UTC] Duplicate found for email: olazy@gg.com or username: olamide12135
[18-Nov-2024 11:12:40 UTC] Request Method: POST, Path: /index/register
[18-Nov-2024 11:30:11 UTC] Request Method: POST, Path: /index/register
[18-Nov-2024 11:31:15 UTC] Request Method: POST, Path: /index/register
[18-Nov-2024 12:07:50 UTC] Saving user: username=olamide121356, email=olazy@gog.com, role=user
[18-Nov-2024 12:07:50 UTC] Checking for duplicates
[18-Nov-2024 12:07:50 UTC] Duplicate entry found, aborting insert
[18-Nov-2024 12:07:50 UTC] Saving user: username=olamide121356, email=olazy@gog.com, role=user
[18-Nov-2024 12:07:50 UTC] Checking for duplicates
[18-Nov-2024 12:07:50 UTC] Duplicate entry found, aborting insert
[18-Nov-2024 12:07:50 UTC] Request Method: POST, Path: /index/register
[18-Nov-2024 12:08:23 UTC] Saving user: username=olamide121356, email=olazy@gog.com, role=user
[18-Nov-2024 12:08:23 UTC] Checking for duplicates
[18-Nov-2024 12:08:23 UTC] Duplicate entry found, aborting insert
[18-Nov-2024 12:08:23 UTC] Saving user: username=olamide121356, email=olazy@gog.com, role=user
[18-Nov-2024 12:08:23 UTC] Checking for duplicates
[18-Nov-2024 12:08:23 UTC] Duplicate entry found, aborting insert
[18-Nov-2024 12:08:23 UTC] Request Method: POST, Path: /index/register
[18-Nov-2024 12:17:53 UTC] Saving user: username=olamide121356, email=olazy@gog.com, role=user
[18-Nov-2024 12:17:53 UTC] Checking for duplicates
[18-Nov-2024 12:17:53 UTC] Duplicate entry found, aborting insert
[18-Nov-2024 12:17:53 UTC] Request Method: POST, Path: /index/register
[18-Nov-2024 12:18:12 UTC] Saving user: username=olamide1213564, email=olazy@gogo.com, role=user
[18-Nov-2024 12:18:12 UTC] Checking for duplicates
[18-Nov-2024 12:18:12 UTC] Creating new user
[18-Nov-2024 12:18:12 UTC] Executing insert query
[18-Nov-2024 12:18:12 UTC] Request Method: POST, Path: /index/register
[18-Nov-2024 12:26:20 UTC] Request Method: POST, Path: /index/register
